<?xml version="1.0" encoding="UTF-8"?>
<!-- Generated by org.testng.reporters.JUnitReportReporter -->
<testsuite hostname="DESKTOP-DDS6971" failures="0" tests="1" name="com.qaprosoft.carina.mydemo.MyTest" time="18.553" errors="0" timestamp="2021-03-06T20:20:59 MSK" skipped="0">
  <testcase classname="com.qaprosoft.carina.mydemo.MyTest" name="testGoogleSearch" time="18.553"/>
  <system-out/>
</testsuite> <!-- com.qaprosoft.carina.mydemo.MyTest -->
